{"timestamp":"2026-01-11T03:22:56.121238Z","level":"info","event":"DAG bundles loaded: dags-folder, example_dags","logger":"airflow.dag_processing.bundles.manager.DagBundlesManager","filename":"manager.py","lineno":179}
{"timestamp":"2026-01-11T03:22:56.190510Z","level":"info","event":"Filling up the DagBag from /opt/airflow/dags/hw_dag.py","logger":"airflow.models.dagbag.DagBag","filename":"dagbag.py","lineno":593}
{"timestamp":"2026-01-11T03:22:57.776886Z","level":"warning","event":"The `airflow.operators.python.PythonOperator` attribute is deprecated. Please use `'airflow.providers.standard.operators.python.PythonOperator'`.","category":"DeprecatedImportWarning","filename":"/opt/airflow/dags/hw_dag.py","lineno":7,"logger":"py.warnings"}
{"timestamp":"2026-01-11T03:22:57.777203Z","level":"warning","event":"Trying to unpickle estimator FunctionTransformer from version 1.7.1 when using version 1.8.0. This might lead to breaking code or invalid results. Use at your own risk. For more info please refer to:\nhttps://scikit-learn.org/stable/model_persistence.html#security-maintainability-limitations","category":"InconsistentVersionWarning","filename":"/home/airflow/.local/lib/python3.12/site-packages/sklearn/base.py","lineno":463,"logger":"py.warnings"}
{"timestamp":"2026-01-11T03:22:57.777334Z","level":"warning","event":"Trying to unpickle estimator SimpleImputer from version 1.7.1 when using version 1.8.0. This might lead to breaking code or invalid results. Use at your own risk. For more info please refer to:\nhttps://scikit-learn.org/stable/model_persistence.html#security-maintainability-limitations","category":"InconsistentVersionWarning","filename":"/home/airflow/.local/lib/python3.12/site-packages/sklearn/base.py","lineno":463,"logger":"py.warnings"}
{"timestamp":"2026-01-11T03:22:57.777425Z","level":"warning","event":"Trying to unpickle estimator StandardScaler from version 1.7.1 when using version 1.8.0. This might lead to breaking code or invalid results. Use at your own risk. For more info please refer to:\nhttps://scikit-learn.org/stable/model_persistence.html#security-maintainability-limitations","category":"InconsistentVersionWarning","filename":"/home/airflow/.local/lib/python3.12/site-packages/sklearn/base.py","lineno":463,"logger":"py.warnings"}
{"timestamp":"2026-01-11T03:22:57.777505Z","level":"warning","event":"Trying to unpickle estimator Pipeline from version 1.7.1 when using version 1.8.0. This might lead to breaking code or invalid results. Use at your own risk. For more info please refer to:\nhttps://scikit-learn.org/stable/model_persistence.html#security-maintainability-limitations","category":"InconsistentVersionWarning","filename":"/home/airflow/.local/lib/python3.12/site-packages/sklearn/base.py","lineno":463,"logger":"py.warnings"}
{"timestamp":"2026-01-11T03:22:57.777581Z","level":"warning","event":"Trying to unpickle estimator OneHotEncoder from version 1.7.1 when using version 1.8.0. This might lead to breaking code or invalid results. Use at your own risk. For more info please refer to:\nhttps://scikit-learn.org/stable/model_persistence.html#security-maintainability-limitations","category":"InconsistentVersionWarning","filename":"/home/airflow/.local/lib/python3.12/site-packages/sklearn/base.py","lineno":463,"logger":"py.warnings"}
{"timestamp":"2026-01-11T03:22:57.777650Z","level":"warning","event":"Trying to unpickle estimator ColumnTransformer from version 1.7.1 when using version 1.8.0. This might lead to breaking code or invalid results. Use at your own risk. For more info please refer to:\nhttps://scikit-learn.org/stable/model_persistence.html#security-maintainability-limitations","category":"InconsistentVersionWarning","filename":"/home/airflow/.local/lib/python3.12/site-packages/sklearn/base.py","lineno":463,"logger":"py.warnings"}
{"timestamp":"2026-01-11T03:22:57.777717Z","level":"warning","event":"Trying to unpickle estimator SVC from version 1.7.1 when using version 1.8.0. This might lead to breaking code or invalid results. Use at your own risk. For more info please refer to:\nhttps://scikit-learn.org/stable/model_persistence.html#security-maintainability-limitations","category":"InconsistentVersionWarning","filename":"/home/airflow/.local/lib/python3.12/site-packages/sklearn/base.py","lineno":463,"logger":"py.warnings"}
{"timestamp":"2026-01-11T03:22:57.809253Z","level":"info","event":"Task instance is in running state","logger":"task.stdout"}
{"timestamp":"2026-01-11T03:22:57.813616Z","level":"info","event":" Previous state of the Task instance: TaskInstanceState.QUEUED","logger":"task.stdout"}
{"timestamp":"2026-01-11T03:22:57.814597Z","level":"info","event":"Current task name:pipeline","logger":"task.stdout"}
{"timestamp":"2026-01-11T03:22:57.815152Z","level":"info","event":"Dag name:car_price_prediction","logger":"task.stdout"}
{"timestamp":"2026-01-11T03:23:00.455593Z","level":"info","event":"model: LogisticRegression, acc_mean: 0.7771, acc_std: 0.0074","logger":"root","filename":"pipeline.py","lineno":116}
{"timestamp":"2026-01-11T03:23:52.130730Z","level":"info","event":"model: RandomForestClassifier, acc_mean: 0.7779, acc_std: 0.0065","logger":"root","filename":"pipeline.py","lineno":116}
{"timestamp":"2026-01-11T03:24:11.903604Z","level":"info","event":"model: SVC, acc_mean: 0.7871, acc_std: 0.0042","logger":"root","filename":"pipeline.py","lineno":116}
{"timestamp":"2026-01-11T03:24:11.903965Z","level":"info","event":"best model: SVC, accuracy: 0.7871","logger":"root","filename":"pipeline.py","lineno":121}
{"timestamp":"2026-01-11T03:24:18.140730Z","level":"info","event":"Model is saved as /opt/airflow/data/models/cars_pipe_202601110324.pkl","logger":"root","filename":"pipeline.py","lineno":129}
{"timestamp":"2026-01-11T03:24:18.145045Z","level":"info","event":"Done. Returned value was: None","logger":"airflow.task.operators.airflow.providers.standard.operators.python.PythonOperator","filename":"python.py","lineno":217}
{"timestamp":"2026-01-11T03:24:18.172165Z","level":"info","event":"Task instance in success state","logger":"task.stdout"}
{"timestamp":"2026-01-11T03:24:18.172873Z","level":"info","event":" Previous state of the Task instance: TaskInstanceState.RUNNING","logger":"task.stdout"}
{"timestamp":"2026-01-11T03:24:18.173564Z","level":"info","event":"Task operator:<Task(PythonOperator): pipeline>","logger":"task.stdout"}
