{"timestamp":"2026-01-11T02:27:04.083434Z","level":"info","event":"DAG bundles loaded: dags-folder, example_dags","logger":"airflow.dag_processing.bundles.manager.DagBundlesManager","filename":"manager.py","lineno":179}
{"timestamp":"2026-01-11T02:27:04.086670Z","level":"info","event":"Filling up the DagBag from /opt/airflow/dags/hw_dag.py","logger":"airflow.models.dagbag.DagBag","filename":"dagbag.py","lineno":593}
{"timestamp":"2026-01-11T02:27:08.639434Z","level":"warning","event":"The `airflow.operators.python.PythonOperator` attribute is deprecated. Please use `'airflow.providers.standard.operators.python.PythonOperator'`.","category":"DeprecatedImportWarning","filename":"/opt/airflow/dags/hw_dag.py","lineno":6,"logger":"py.warnings"}
{"timestamp":"2026-01-11T02:27:08.639722Z","level":"warning","event":"Trying to unpickle estimator FunctionTransformer from version 1.7.1 when using version 1.8.0. This might lead to breaking code or invalid results. Use at your own risk. For more info please refer to:\nhttps://scikit-learn.org/stable/model_persistence.html#security-maintainability-limitations","category":"InconsistentVersionWarning","filename":"/home/airflow/.local/lib/python3.12/site-packages/sklearn/base.py","lineno":463,"logger":"py.warnings"}
{"timestamp":"2026-01-11T02:27:08.639850Z","level":"warning","event":"Trying to unpickle estimator SimpleImputer from version 1.7.1 when using version 1.8.0. This might lead to breaking code or invalid results. Use at your own risk. For more info please refer to:\nhttps://scikit-learn.org/stable/model_persistence.html#security-maintainability-limitations","category":"InconsistentVersionWarning","filename":"/home/airflow/.local/lib/python3.12/site-packages/sklearn/base.py","lineno":463,"logger":"py.warnings"}
{"timestamp":"2026-01-11T02:27:08.639941Z","level":"warning","event":"Trying to unpickle estimator StandardScaler from version 1.7.1 when using version 1.8.0. This might lead to breaking code or invalid results. Use at your own risk. For more info please refer to:\nhttps://scikit-learn.org/stable/model_persistence.html#security-maintainability-limitations","category":"InconsistentVersionWarning","filename":"/home/airflow/.local/lib/python3.12/site-packages/sklearn/base.py","lineno":463,"logger":"py.warnings"}
{"timestamp":"2026-01-11T02:27:08.640021Z","level":"warning","event":"Trying to unpickle estimator Pipeline from version 1.7.1 when using version 1.8.0. This might lead to breaking code or invalid results. Use at your own risk. For more info please refer to:\nhttps://scikit-learn.org/stable/model_persistence.html#security-maintainability-limitations","category":"InconsistentVersionWarning","filename":"/home/airflow/.local/lib/python3.12/site-packages/sklearn/base.py","lineno":463,"logger":"py.warnings"}
{"timestamp":"2026-01-11T02:27:08.640121Z","level":"warning","event":"Trying to unpickle estimator OneHotEncoder from version 1.7.1 when using version 1.8.0. This might lead to breaking code or invalid results. Use at your own risk. For more info please refer to:\nhttps://scikit-learn.org/stable/model_persistence.html#security-maintainability-limitations","category":"InconsistentVersionWarning","filename":"/home/airflow/.local/lib/python3.12/site-packages/sklearn/base.py","lineno":463,"logger":"py.warnings"}
{"timestamp":"2026-01-11T02:27:08.640209Z","level":"warning","event":"Trying to unpickle estimator ColumnTransformer from version 1.7.1 when using version 1.8.0. This might lead to breaking code or invalid results. Use at your own risk. For more info please refer to:\nhttps://scikit-learn.org/stable/model_persistence.html#security-maintainability-limitations","category":"InconsistentVersionWarning","filename":"/home/airflow/.local/lib/python3.12/site-packages/sklearn/base.py","lineno":463,"logger":"py.warnings"}
{"timestamp":"2026-01-11T02:27:08.640340Z","level":"warning","event":"Trying to unpickle estimator SVC from version 1.7.1 when using version 1.8.0. This might lead to breaking code or invalid results. Use at your own risk. For more info please refer to:\nhttps://scikit-learn.org/stable/model_persistence.html#security-maintainability-limitations","category":"InconsistentVersionWarning","filename":"/home/airflow/.local/lib/python3.12/site-packages/sklearn/base.py","lineno":463,"logger":"py.warnings"}
{"timestamp":"2026-01-11T02:27:08.721975Z","level":"info","event":"Task instance is in running state","logger":"task.stdout"}
{"timestamp":"2026-01-11T02:27:08.722813Z","level":"info","event":" Previous state of the Task instance: TaskInstanceState.QUEUED","logger":"task.stdout"}
{"timestamp":"2026-01-11T02:27:08.723477Z","level":"info","event":"Current task name:pipeline","logger":"task.stdout"}
{"timestamp":"2026-01-11T02:27:08.724376Z","level":"info","event":"Dag name:car_price_prediction","logger":"task.stdout"}
{"timestamp":"2026-01-11T02:27:10.390720Z","level":"error","event":"Task failed with exception","logger":"task","filename":"task_runner.py","lineno":1008,"error_detail":[{"exc_type":"ValueError","exc_value":"\nAll the 4 fits failed.\nIt is very likely that your model is misconfigured.\nYou can try to debug the error by setting error_score='raise'.\n\nBelow are more details about the failures:\n--------------------------------------------------------------------------------\n4 fits failed with the following error:\nTraceback (most recent call last):\n  File \"/home/airflow/.local/lib/python3.12/site-packages/sklearn/model_selection/_validation.py\", line 833, in _fit_and_score\n    estimator.fit(X_train, y_train, **fit_params)\n  File \"/home/airflow/.local/lib/python3.12/site-packages/sklearn/base.py\", line 1336, in wrapper\n    return fit_method(estimator, *args, **kwargs)\n           ^^^^^^^^^^^^^^^^^^^^^^^^^^^^^^^^^^^^^^\n  File \"/home/airflow/.local/lib/python3.12/site-packages/sklearn/pipeline.py\", line 621, in fit\n    self._final_estimator.fit(Xt, y, **last_step_params[\"fit\"])\n  File \"/home/airflow/.local/lib/python3.12/site-packages/sklearn/base.py\", line 1336, in wrapper\n    return fit_method(estimator, *args, **kwargs)\n           ^^^^^^^^^^^^^^^^^^^^^^^^^^^^^^^^^^^^^^\n  File \"/home/airflow/.local/lib/python3.12/site-packages/sklearn/linear_model/_logistic.py\", line 1208, in fit\n    raise ValueError(\nValueError: The 'liblinear' solver does not support multiclass classification (n_classes >= 3). Either use another solver or wrap the estimator in a OneVsRestClassifier to keep applying a one-versus-rest scheme.\n","exc_notes":[],"syntax_error":null,"is_cause":false,"frames":[{"filename":"/home/airflow/.local/lib/python3.12/site-packages/airflow/sdk/execution_time/task_runner.py","lineno":934,"name":"run"},{"filename":"/home/airflow/.local/lib/python3.12/site-packages/airflow/sdk/execution_time/task_runner.py","lineno":1325,"name":"_execute_task"},{"filename":"/home/airflow/.local/lib/python3.12/site-packages/airflow/sdk/bases/operator.py","lineno":417,"name":"wrapper"},{"filename":"/home/airflow/.local/lib/python3.12/site-packages/airflow/providers/standard/operators/python.py","lineno":215,"name":"execute"},{"filename":"/home/airflow/.local/lib/python3.12/site-packages/airflow/providers/standard/operators/python.py","lineno":238,"name":"execute_callable"},{"filename":"/home/airflow/.local/lib/python3.12/site-packages/airflow/sdk/execution_time/callback_runner.py","lineno":82,"name":"run"},{"filename":"/opt/airflow/modules/pipeline.py","lineno":115,"name":"pipeline"},{"filename":"/home/airflow/.local/lib/python3.12/site-packages/sklearn/utils/_param_validation.py","lineno":218,"name":"wrapper"},{"filename":"/home/airflow/.local/lib/python3.12/site-packages/sklearn/model_selection/_validation.py","lineno":651,"name":"cross_val_score"},{"filename":"/home/airflow/.local/lib/python3.12/site-packages/sklearn/utils/_param_validation.py","lineno":218,"name":"wrapper"},{"filename":"/home/airflow/.local/lib/python3.12/site-packages/sklearn/model_selection/_validation.py","lineno":393,"name":"cross_validate"},{"filename":"/home/airflow/.local/lib/python3.12/site-packages/sklearn/model_selection/_validation.py","lineno":479,"name":"_warn_or_raise_about_fit_failures"}],"is_group":false,"exceptions":[]}]}
{"timestamp":"2026-01-11T02:27:10.453506Z","level":"info","event":"Task instance in failure state","logger":"task.stdout"}
{"timestamp":"2026-01-11T02:27:10.455213Z","level":"info","event":"Task start","logger":"task.stdout"}
{"timestamp":"2026-01-11T02:27:10.455848Z","level":"info","event":"Task:<Task(PythonOperator): pipeline>","logger":"task.stdout"}
{"timestamp":"2026-01-11T02:27:10.456425Z","level":"info","event":"Failure caused by","logger":"task.stdout"}
{"timestamp":"2026-01-11T02:27:10.457024Z","level":"info","event":"All the 4 fits failed.","logger":"task.stdout"}
{"timestamp":"2026-01-11T02:27:10.457557Z","level":"info","event":"It is very likely that your model is misconfigured.","logger":"task.stdout"}
{"timestamp":"2026-01-11T02:27:10.458066Z","level":"info","event":"You can try to debug the error by setting error_score='raise'.","logger":"task.stdout"}
{"timestamp":"2026-01-11T02:27:10.458689Z","level":"info","event":"","logger":"task.stdout"}
{"timestamp":"2026-01-11T02:27:10.459283Z","level":"info","event":"Below are more details about the failures:","logger":"task.stdout"}
{"timestamp":"2026-01-11T02:27:10.459860Z","level":"info","event":"--------------------------------------------------------------------------------","logger":"task.stdout"}
{"timestamp":"2026-01-11T02:27:10.460351Z","level":"info","event":"4 fits failed with the following error:","logger":"task.stdout"}
{"timestamp":"2026-01-11T02:27:10.460778Z","level":"info","event":"Traceback (most recent call last):","logger":"task.stdout"}
{"timestamp":"2026-01-11T02:27:10.461268Z","level":"info","event":"  File \"/home/airflow/.local/lib/python3.12/site-packages/sklearn/model_selection/_validation.py\", line 833, in _fit_and_score","logger":"task.stdout"}
{"timestamp":"2026-01-11T02:27:10.461754Z","level":"info","event":"    estimator.fit(X_train, y_train, **fit_params)","logger":"task.stdout"}
{"timestamp":"2026-01-11T02:27:10.462211Z","level":"info","event":"  File \"/home/airflow/.local/lib/python3.12/site-packages/sklearn/base.py\", line 1336, in wrapper","logger":"task.stdout"}
{"timestamp":"2026-01-11T02:27:10.462863Z","level":"info","event":"    return fit_method(estimator, *args, **kwargs)","logger":"task.stdout"}
{"timestamp":"2026-01-11T02:27:10.463395Z","level":"info","event":"           ^^^^^^^^^^^^^^^^^^^^^^^^^^^^^^^^^^^^^^","logger":"task.stdout"}
{"timestamp":"2026-01-11T02:27:10.463943Z","level":"info","event":"  File \"/home/airflow/.local/lib/python3.12/site-packages/sklearn/pipeline.py\", line 621, in fit","logger":"task.stdout"}
{"timestamp":"2026-01-11T02:27:10.464427Z","level":"info","event":"    self._final_estimator.fit(Xt, y, **last_step_params[\"fit\"])","logger":"task.stdout"}
{"timestamp":"2026-01-11T02:27:10.465005Z","level":"info","event":"  File \"/home/airflow/.local/lib/python3.12/site-packages/sklearn/base.py\", line 1336, in wrapper","logger":"task.stdout"}
{"timestamp":"2026-01-11T02:27:10.465578Z","level":"info","event":"    return fit_method(estimator, *args, **kwargs)","logger":"task.stdout"}
{"timestamp":"2026-01-11T02:27:10.466080Z","level":"info","event":"           ^^^^^^^^^^^^^^^^^^^^^^^^^^^^^^^^^^^^^^","logger":"task.stdout"}
{"timestamp":"2026-01-11T02:27:10.466683Z","level":"info","event":"  File \"/home/airflow/.local/lib/python3.12/site-packages/sklearn/linear_model/_logistic.py\", line 1208, in fit","logger":"task.stdout"}
{"timestamp":"2026-01-11T02:27:10.467243Z","level":"info","event":"    raise ValueError(","logger":"task.stdout"}
{"timestamp":"2026-01-11T02:27:10.467935Z","level":"info","event":"ValueError: The 'liblinear' solver does not support multiclass classification (n_classes >= 3). Either use another solver or wrap the estimator in a OneVsRestClassifier to keep applying a one-versus-rest scheme.","logger":"task.stdout"}
{"timestamp":"2026-01-11T02:27:10.468402Z","level":"info","event":"","logger":"task.stdout"}
